c:\users\douglas harveymarose\documents\visual studio 2012\projects\asteroidscpp\asteroidsc++\release\window.obj
c:\users\douglas harveymarose\documents\visual studio 2012\projects\asteroidscpp\asteroidsc++\release\ticker.obj
c:\users\douglas harveymarose\documents\visual studio 2012\projects\asteroidscpp\asteroidsc++\release\random.obj
c:\users\douglas harveymarose\documents\visual studio 2012\projects\asteroidscpp\asteroidsc++\release\quad.obj
c:\users\douglas harveymarose\documents\visual studio 2012\projects\asteroidscpp\asteroidsc++\release\main.obj
c:\users\douglas harveymarose\documents\visual studio 2012\projects\asteroidscpp\asteroidsc++\release\loadini.obj
c:\users\douglas harveymarose\documents\visual studio 2012\projects\asteroidscpp\asteroidsc++\release\gametimer.obj
c:\users\douglas harveymarose\documents\visual studio 2012\projects\asteroidscpp\asteroidsc++\release\game.obj
c:\users\douglas harveymarose\documents\visual studio 2012\projects\asteroidscpp\asteroidsc++\release\entity.obj
c:\users\douglas harveymarose\documents\visual studio 2012\projects\asteroidscpp\asteroidsc++\release\convert.obj
c:\users\douglas harveymarose\documents\visual studio 2012\projects\asteroidscpp\asteroidsc++\release\audio.obj
c:\users\douglas harveymarose\documents\visual studio 2012\projects\asteroidscpp\asteroidsc++\release\animation.obj
c:\users\douglas harveymarose\documents\visual studio 2012\projects\asteroidscpp\asteroidsc++\release\vc110.pdb
c:\users\douglas harveymarose\documents\visual studio 2012\projects\asteroidscpp\release\asteroidsc++.exe
c:\users\douglas harveymarose\documents\visual studio 2012\projects\asteroidscpp\release\asteroidsc++.pdb
c:\users\douglas harveymarose\documents\visual studio 2012\projects\asteroidscpp\asteroidsc++\release\vc120.pdb
c:\users\douglas harveymarose\documents\visual studio 2013\projects\asteroidscpp\asteroidsc++\release\vc120.pdb
c:\users\douglas harveymarose\documents\visual studio 2013\projects\asteroidscpp\asteroidsc++\release\window.obj
c:\users\douglas harveymarose\documents\visual studio 2013\projects\asteroidscpp\asteroidsc++\release\ticker.obj
c:\users\douglas harveymarose\documents\visual studio 2013\projects\asteroidscpp\asteroidsc++\release\random.obj
c:\users\douglas harveymarose\documents\visual studio 2013\projects\asteroidscpp\asteroidsc++\release\quad.obj
c:\users\douglas harveymarose\documents\visual studio 2013\projects\asteroidscpp\asteroidsc++\release\main.obj
c:\users\douglas harveymarose\documents\visual studio 2013\projects\asteroidscpp\asteroidsc++\release\loadini.obj
c:\users\douglas harveymarose\documents\visual studio 2013\projects\asteroidscpp\asteroidsc++\release\gametimer.obj
c:\users\douglas harveymarose\documents\visual studio 2013\projects\asteroidscpp\asteroidsc++\release\game.obj
c:\users\douglas harveymarose\documents\visual studio 2013\projects\asteroidscpp\asteroidsc++\release\entity.obj
c:\users\douglas harveymarose\documents\visual studio 2013\projects\asteroidscpp\asteroidsc++\release\convert.obj
c:\users\douglas harveymarose\documents\visual studio 2013\projects\asteroidscpp\asteroidsc++\release\audio.obj
c:\users\douglas harveymarose\documents\visual studio 2013\projects\asteroidscpp\asteroidsc++\release\animation.obj
c:\users\douglas harveymarose\documents\visual studio 2013\projects\asteroidscpp\asteroidsc++\release\cl.command.1.tlog
c:\users\douglas harveymarose\documents\visual studio 2013\projects\asteroidscpp\asteroidsc++\release\cl.read.1.tlog
c:\users\douglas harveymarose\documents\visual studio 2013\projects\asteroidscpp\asteroidsc++\release\cl.write.1.tlog
c:\users\douglas harveymarose\documents\visual studio 2013\projects\asteroidscpp\asteroidsc++\release\link-cvtres.read.1.tlog
c:\users\douglas harveymarose\documents\visual studio 2013\projects\asteroidscpp\asteroidsc++\release\link-cvtres.write.1.tlog
c:\users\douglas harveymarose\documents\visual studio 2013\projects\asteroidscpp\asteroidsc++\release\link-rc.read.1.tlog
c:\users\douglas harveymarose\documents\visual studio 2013\projects\asteroidscpp\asteroidsc++\release\link-rc.write.1.tlog
c:\users\douglas harveymarose\documents\visual studio 2013\projects\asteroidscpp\asteroidsc++\release\link.command.1.tlog
c:\users\douglas harveymarose\documents\visual studio 2013\projects\asteroidscpp\asteroidsc++\release\link.read.1.tlog
c:\users\douglas harveymarose\documents\visual studio 2013\projects\asteroidscpp\asteroidsc++\release\link.write.1.tlog
c:\users\douglas harveymarose\documents\visual studio 2013\projects\asteroidscpp\asteroidsc++\release\vc110.pdb
c:\users\douglas harveymarose\documents\visual studio 2013\projects\asteroidscpp\release\asteroidsc++.pdb
c:\users\douglas harveymarose\documents\visual studio 2013\projects\asteroidscpp\asteroidsc++\release\asteroidsc++.tlog\cl.command.1.tlog
c:\users\douglas harveymarose\documents\visual studio 2013\projects\asteroidscpp\asteroidsc++\release\asteroidsc++.tlog\cl.read.1.tlog
c:\users\douglas harveymarose\documents\visual studio 2013\projects\asteroidscpp\asteroidsc++\release\asteroidsc++.tlog\cl.write.1.tlog
c:\users\douglas harveymarose\documents\visual studio 2013\projects\asteroidscpp\asteroidsc++\release\asteroidsc++.tlog\link.command.1.tlog
c:\users\douglas harveymarose\documents\visual studio 2013\projects\asteroidscpp\asteroidsc++\release\asteroidsc++.tlog\link.read.1.tlog
c:\users\douglas harveymarose\documents\visual studio 2013\projects\asteroidscpp\asteroidsc++\release\asteroidsc++.tlog\link.write.1.tlog
